[Licensing::Module] Trying to connect to existing licensing client channel...
Built from '6000.4/staging' branch; Version is '6000.4.1f1 (8535861f39e1) revision 8729990'; Using compiler version '194234433'; Build Type 'Release'
OS: 'Windows 11  (10.0.26200) CoreSingleLanguage' Language: 'es' Physical Memory: 16068 MB
[Licensing::IpcConnector] Successfully connected to: "LicenseClient-sophi" at "2026-06-11T09:34:57.932149Z"
BatchMode: 1, IsHumanControllingUs: 0, StartBugReporterOnCrash: 0, Is64bit: 1
System  architecture: x64
[Licensing::IpcConnector] Successfully connected to: "LicenseClient-sophi" at "2026-06-11T10:42:20.5061421Z"
Process architecture: x64
<<<<<<< Updated upstream
Date: 2026-06-11T09:34:57Z
=======
Date: 2026-06-11T10:42:20Z
>>>>>>> Stashed changes

COMMAND LINE ARGUMENTS:
C:\Program Files\Unity\Hub\Editor\6000.4.1f1\Editor\Unity.exe
-adb2
-batchMode
-noUpm
-name
AssetImportWorker0
-projectPath
C:/Users/sophi/Desktop/Games/Unity-Reto/Reto-Awaq/RETO_V1
-logFile
Logs/AssetImportWorker0.log
-srvPort
<<<<<<< Updated upstream
52654
=======
64572
>>>>>>> Stashed changes
-licensingIpc
LicenseClient-sophi
-force-d3d12
-job-worker-count
5
-background-job-worker-count
8
-gc-helper-count
1
-name
AssetImport
Successfully changed project path to: C:/Users/sophi/Desktop/Games/Unity-Reto/Reto-Awaq/RETO_V1
C:/Users/sophi/Desktop/Games/Unity-Reto/Reto-Awaq/RETO_V1
[UnityMemory] Configuration Parameters - Can be set up in boot.config
    "memorysetup-temp-allocator-size-gi-baking-worker=262144"
    "memorysetup-temp-allocator-size-gi-baking-worker=262144"
    "memorysetup-temp-allocator-size-gi-baking-worker=262144"
    "memorysetup-temp-allocator-size-gi-baking-worker=262144"
    "memorysetup-temp-allocator-size-gi-baking-worker=262144"
    "memorysetup-temp-allocator-size-nav-mesh-worker=65536"
    "memorysetup-temp-allocator-size-audio-worker=65536"
    "memorysetup-temp-allocator-size-cloud-worker=32768"
    "memorysetup-temp-allocator-size-gfx=262144"
    "memorysetup-temp-allocator-size-preload-manager=33554432"
    "memorysetup-temp-allocator-size-job-worker=262144"
    "memorysetup-temp-allocator-size-background-worker=32768"
    "memorysetup-allocator-temp-initial-block-size-main=262144"
    "memorysetup-allocator-temp-initial-block-size-worker=262144"
    "memorysetup-bucket-allocator-granularity=16"
    "memorysetup-bucket-allocator-bucket-count=8"
    "memorysetup-bucket-allocator-block-size=33554432"
    "memorysetup-bucket-allocator-block-count=8"
    "memorysetup-main-allocator-block-size=16777216"
    "memorysetup-thread-allocator-block-size=16777216"
    "memorysetup-gfx-main-allocator-block-size=16777216"
    "memorysetup-gfx-thread-allocator-block-size=16777216"
    "memorysetup-cache-allocator-block-size=4194304"
    "memorysetup-typetree-allocator-block-size=2097152"
    "memorysetup-profiler-bucket-allocator-granularity=16"
    "memorysetup-profiler-bucket-allocator-bucket-count=8"
    "memorysetup-profiler-bucket-allocator-block-size=33554432"
    "memorysetup-profiler-bucket-allocator-block-count=8"
    "memorysetup-profiler-allocator-block-size=16777216"
    "memorysetup-profiler-editor-allocator-block-size=1048576"
    "memorysetup-temp-allocator-size-main=16777216"
    "memorysetup-job-temp-allocator-block-size=2097152"
    "memorysetup-job-temp-allocator-block-size-background=1048576"
    "memorysetup-job-temp-allocator-reduction-small-platforms=262144"
<<<<<<< Updated upstream
Player connection [32688]  Target information:

Player connection [32688]  * "[IP] 192.168.1.247 [Port] 0 [Flags] 2 [Guid] 930459061 [EditorId] 930459061 [Version] 1048832 [Id] WindowsEditor(7,DESKTOP-407KKC6) [Debug] 1 [PackageName] WindowsEditor [ProjectName] Editor" 

Player connection [32688] Host joined multi-casting on [225.0.0.222:54997]...
Player connection [32688] Host joined alternative multi-casting on [225.0.0.222:34997]...
=======
Player connection [23344]  Target information:

Player connection [23344]  * "[IP] 192.168.1.247 [Port] 0 [Flags] 2 [Guid] 2237820220 [EditorId] 2237820220 [Version] 1048832 [Id] WindowsEditor(7,DESKTOP-407KKC6) [Debug] 1 [PackageName] WindowsEditor [ProjectName] Editor" 

Player connection [23344] Host joined multi-casting on [225.0.0.222:54997]...
Player connection [23344] Host joined alternative multi-casting on [225.0.0.222:34997]...
>>>>>>> Stashed changes
JobSystem: Creating JobQueue using job-worker-count value 5
Input System module state changed to: Initialized.
[Physics::Module] Initialized fallback backend.
[Physics::Module] Id: 0xdecafbad
Library Redirect Path: Library/
[Physics::Module] Selected backend.
[Physics::Module] Name: PhysX
[Physics::Module] Id: 0xf2b8ea05
[Physics::Module] SDK Version: 4.1.2
[Physics::Module] Integration Version: 1.0.0
[Physics::Module] Threading Mode: Multi-Threaded
Active build profile path: `Assets/Settings/Build Profiles/Web - Desktop - Development.asset`
Got setting from build profile YAML, name `Color Space`, value `1`
Got setting from build profile YAML, name `m_BuildTarget`, value `20`
Got setting from build profile YAML, name `m_Subtarget`, value `0`
<<<<<<< Updated upstream
Refreshing native plugins compatible for Editor in 34.07 ms, found 2 plugins.
=======
Refreshing native plugins compatible for Editor in 9.97 ms, found 2 plugins.
>>>>>>> Stashed changes
Initialize engine version: 6000.4.1f1 (8535861f39e1)
[Subsystems] Discovering subsystems at path C:/Program Files/Unity/Hub/Editor/6000.4.1f1/Editor/Data/Resources/UnitySubsystems
[Subsystems] Discovering subsystems at path C:/Users/sophi/Desktop/Games/Unity-Reto/Reto-Awaq/RETO_V1/Assets
Forcing GfxDevice: Direct3D 12
GfxDevice: creating device client; kGfxThreadingModeNonThreaded
d3d12: failed to query info queue interface (0x80004002).
Direct3D:
    Version:         Direct3D 12 [level 12.1]
    Renderer:        Intel(R) Iris(R) Xe Graphics (ID=0xa7a1)
    Vendor:          Intel
    VRAM:            8034 MB
    App VRAM Budget: 7376 MB
    Driver:          32.0.101.7084
    Unified Memory Architecture
    Cache Coherent UMA
Got setting from build profile YAML, name `Color Space`, value `1`
Got setting from build profile YAML, name `Color Space`, value `1`
Got setting from build profile YAML, name `Color Space`, value `1`
Got setting from build profile YAML, name `Color Space`, value `1`
Got setting from build profile YAML, name `Color Space`, value `1`
Got setting from build profile YAML, name `Color Space`, value `1`
Got setting from build profile YAML, name `Color Space`, value `1`
Got setting from build profile YAML, name `Color Space`, value `1`
Got setting from build profile YAML, name `Color Space`, value `1`
Got setting from build profile YAML, name `Color Space`, value `1`
Got setting from build profile YAML, name `Color Space`, value `1`
Got setting from build profile YAML, name `Color Space`, value `1`
Got setting from build profile YAML, name `Color Space`, value `1`
Got setting from build profile YAML, name `Color Space`, value `1`
Got setting from build profile YAML, name `Color Space`, value `1`
Got setting from build profile YAML, name `Color Space`, value `1`
Got setting from build profile YAML, name `Color Space`, value `1`
Got setting from build profile YAML, name `Color Space`, value `1`
Got setting from build profile YAML, name `Color Space`, value `1`
Got setting from build profile YAML, name `Color Space`, value `1`
Got setting from build profile YAML, name `Color Space`, value `1`
Got setting from build profile YAML, name `Color Space`, value `1`
Got setting from build profile YAML, name `Color Space`, value `1`
Got setting from build profile YAML, name `Color Space`, value `1`
Got setting from build profile YAML, name `Color Space`, value `1`
Got setting from build profile YAML, name `Color Space`, value `1`
Got setting from build profile YAML, name `Color Space`, value `1`
Got setting from build profile YAML, name `Color Space`, value `1`
Got setting from build profile YAML, name `Color Space`, value `1`
Got setting from build profile YAML, name `Color Space`, value `1`
Got setting from build profile YAML, name `Color Space`, value `1`
Got setting from build profile YAML, name `Color Space`, value `1`
Got setting from build profile YAML, name `Color Space`, value `1`
Got setting from build profile YAML, name `Color Space`, value `1`
Got setting from build profile YAML, name `Color Space`, value `1`
Got setting from build profile YAML, name `Color Space`, value `1`
Got setting from build profile YAML, name `Color Space`, value `1`
Got setting from build profile YAML, name `Color Space`, value `1`
Got setting from build profile YAML, name `Color Space`, value `1`
Got setting from build profile YAML, name `Color Space`, value `1`
Got setting from build profile YAML, name `Color Space`, value `1`
Got setting from build profile YAML, name `Color Space`, value `1`
Got setting from build profile YAML, name `Color Space`, value `1`
Got setting from build profile YAML, name `Color Space`, value `1`
Got setting from build profile YAML, name `Color Space`, value `1`
Got setting from build profile YAML, name `Color Space`, value `1`
Got setting from build profile YAML, name `Color Space`, value `1`
Got setting from build profile YAML, name `Color Space`, value `1`
Got setting from build profile YAML, name `Color Space`, value `1`
Got setting from build profile YAML, name `Color Space`, value `1`
Got setting from build profile YAML, name `Color Space`, value `1`
Got setting from build profile YAML, name `Color Space`, value `1`
Got setting from build profile YAML, name `Color Space`, value `1`
Got setting from build profile YAML, name `Color Space`, value `1`
Got setting from build profile YAML, name `Color Space`, value `1`
Got setting from build profile YAML, name `Color Space`, value `1`
Got setting from build profile YAML, name `Color Space`, value `1`
Got setting from build profile YAML, name `Color Space`, value `1`
Got setting from build profile YAML, name `Color Space`, value `1`
Got setting from build profile YAML, name `Color Space`, value `1`
Got setting from build profile YAML, name `Color Space`, value `1`
Got setting from build profile YAML, name `Color Space`, value `1`
Got setting from build profile YAML, name `Color Space`, value `1`
Got setting from build profile YAML, name `Color Space`, value `1`
Got setting from build profile YAML, name `Color Space`, value `1`
Got setting from build profile YAML, name `Color Space`, value `1`
Got setting from build profile YAML, name `Color Space`, value `1`
Got setting from build profile YAML, name `Color Space`, value `1`
Got setting from build profile YAML, name `Color Space`, value `1`
Got setting from build profile YAML, name `Color Space`, value `1`
Got setting from build profile YAML, name `Color Space`, value `1`
Got setting from build profile YAML, name `Color Space`, value `1`
Got setting from build profile YAML, name `Color Space`, value `1`
Got setting from build profile YAML, name `Color Space`, value `1`
Got setting from build profile YAML, name `Color Space`, value `1`
Got setting from build profile YAML, name `Color Space`, value `1`
Got setting from build profile YAML, name `Color Space`, value `1`
Got setting from build profile YAML, name `Color Space`, value `1`
Got setting from build profile YAML, name `Color Space`, value `1`
Got setting from build profile YAML, name `Color Space`, value `1`
Got setting from build profile YAML, name `Color Space`, value `1`
Got setting from build profile YAML, name `Color Space`, value `1`
Got setting from build profile YAML, name `Color Space`, value `1`
Got setting from build profile YAML, name `Color Space`, value `1`
Got setting from build profile YAML, name `Color Space`, value `1`
Got setting from build profile YAML, name `Color Space`, value `1`
Got setting from build profile YAML, name `Color Space`, value `1`
Got setting from build profile YAML, name `Color Space`, value `1`
Got setting from build profile YAML, name `Color Space`, value `1`
Got setting from build profile YAML, name `Color Space`, value `1`
Got setting from build profile YAML, name `Color Space`, value `1`
Got setting from build profile YAML, name `Color Space`, value `1`
Got setting from build profile YAML, name `Color Space`, value `1`
Got setting from build profile YAML, name `Color Space`, value `1`
Got setting from build profile YAML, name `Color Space`, value `1`
Got setting from build profile YAML, name `Color Space`, value `1`
Got setting from build profile YAML, name `Color Space`, value `1`
Got setting from build profile YAML, name `Color Space`, value `1`
Got setting from build profile YAML, name `Color Space`, value `1`
Got setting from build profile YAML, name `Color Space`, value `1`
Got setting from build profile YAML, name `Color Space`, value `1`
Got setting from build profile YAML, name `Color Space`, value `1`
Got setting from build profile YAML, name `Color Space`, value `1`
Got setting from build profile YAML, name `Color Space`, value `1`
Got setting from build profile YAML, name `Color Space`, value `1`
Got setting from build profile YAML, name `Color Space`, value `1`
Got setting from build profile YAML, name `Color Space`, value `1`
Got setting from build profile YAML, name `Color Space`, value `1`
Got setting from build profile YAML, name `Color Space`, value `1`
Got setting from build profile YAML, name `Color Space`, value `1`
Got setting from build profile YAML, name `Color Space`, value `1`
Got setting from build profile YAML, name `Color Space`, value `1`
Got setting from build profile YAML, name `Color Space`, value `1`
Got setting from build profile YAML, name `Color Space`, value `1`
Got setting from build profile YAML, name `Color Space`, value `1`
Got setting from build profile YAML, name `Color Space`, value `1`
Got setting from build profile YAML, name `Color Space`, value `1`
Got setting from build profile YAML, name `Color Space`, value `1`
Got setting from build profile YAML, name `Color Space`, value `1`
Got setting from build profile YAML, name `Color Space`, value `1`
Got setting from build profile YAML, name `Color Space`, value `1`
Got setting from build profile YAML, name `Color Space`, value `1`
Got setting from build profile YAML, name `Color Space`, value `1`
Got setting from build profile YAML, name `Color Space`, value `1`
Got setting from build profile YAML, name `Color Space`, value `1`
Got setting from build profile YAML, name `Color Space`, value `1`
Got setting from build profile YAML, name `Color Space`, value `1`
Got setting from build profile YAML, name `Color Space`, value `1`
Got setting from build profile YAML, name `Color Space`, value `1`
Got setting from build profile YAML, name `Color Space`, value `1`
Got setting from build profile YAML, name `Color Space`, value `1`
Got setting from build profile YAML, name `Color Space`, value `1`
Got setting from build profile YAML, name `Color Space`, value `1`
Got setting from build profile YAML, name `Color Space`, value `1`
Got setting from build profile YAML, name `Color Space`, value `1`
Got setting from build profile YAML, name `Color Space`, value `1`
Got setting from build profile YAML, name `Color Space`, value `1`
Got setting from build profile YAML, name `Color Space`, value `1`
Got setting from build profile YAML, name `Color Space`, value `1`
Got setting from build profile YAML, name `Color Space`, value `1`
Got setting from build profile YAML, name `Color Space`, value `1`
Got setting from build profile YAML, name `Color Space`, value `1`
Got setting from build profile YAML, name `Color Space`, value `1`
Got setting from build profile YAML, name `Color Space`, value `1`
Got setting from build profile YAML, name `Color Space`, value `1`
Got setting from build profile YAML, name `Color Space`, value `1`
Got setting from build profile YAML, name `Color Space`, value `1`
Got setting from build profile YAML, name `Color Space`, value `1`
Got setting from build profile YAML, name `Color Space`, value `1`
Got setting from build profile YAML, name `Color Space`, value `1`
Got setting from build profile YAML, name `Color Space`, value `1`
Got setting from build profile YAML, name `Color Space`, value `1`
Got setting from build profile YAML, name `Color Space`, value `1`
Got setting from build profile YAML, name `Color Space`, value `1`
Got setting from build profile YAML, name `Color Space`, value `1`
Got setting from build profile YAML, name `Color Space`, value `1`
Got setting from build profile YAML, name `Color Space`, value `1`
Got setting from build profile YAML, name `Color Space`, value `1`
Got setting from build profile YAML, name `Color Space`, value `1`
Got setting from build profile YAML, name `Color Space`, value `1`
Got setting from build profile YAML, name `Color Space`, value `1`
Got setting from build profile YAML, name `Color Space`, value `1`
Got setting from build profile YAML, name `Color Space`, value `1`
Got setting from build profile YAML, name `Color Space`, value `1`
Got setting from build profile YAML, name `Color Space`, value `1`
Got setting from build profile YAML, name `Color Space`, value `1`
Got setting from build profile YAML, name `Color Space`, value `1`
Got setting from build profile YAML, name `Color Space`, value `1`
Got setting from build profile YAML, name `Color Space`, value `1`
Got setting from build profile YAML, name `Color Space`, value `1`
Got setting from build profile YAML, name `Color Space`, value `1`
Got setting from build profile YAML, name `Color Space`, value `1`
Got setting from build profile YAML, name `Color Space`, value `1`
Got setting from build profile YAML, name `Color Space`, value `1`
Got setting from build profile YAML, name `Color Space`, value `1`
Got setting from build profile YAML, name `Color Space`, value `1`
Got setting from build profile YAML, name `Color Space`, value `1`
Got setting from build profile YAML, name `Color Space`, value `1`
Got setting from build profile YAML, name `Color Space`, value `1`
Got setting from build profile YAML, name `Color Space`, value `1`
Got setting from build profile YAML, name `Color Space`, value `1`
Got setting from build profile YAML, name `Color Space`, value `1`
Got setting from build profile YAML, name `Color Space`, value `1`
Got setting from build profile YAML, name `Color Space`, value `1`
Got setting from build profile YAML, name `Color Space`, value `1`
Got setting from build profile YAML, name `Color Space`, value `1`
Got setting from build profile YAML, name `Color Space`, value `1`
Got setting from build profile YAML, name `Color Space`, value `1`
Got setting from build profile YAML, name `Color Space`, value `1`
Got setting from build profile YAML, name `Color Space`, value `1`
Got setting from build profile YAML, name `Color Space`, value `1`
Got setting from build profile YAML, name `Color Space`, value `1`
Got setting from build profile YAML, name `Color Space`, value `1`
Got setting from build profile YAML, name `Color Space`, value `1`
Got setting from build profile YAML, name `Color Space`, value `1`
Got setting from build profile YAML, name `Color Space`, value `1`
Got setting from build profile YAML, name `Color Space`, value `1`
Got setting from build profile YAML, name `Color Space`, value `1`
Got setting from build profile YAML, name `Color Space`, value `1`
Got setting from build profile YAML, name `Color Space`, value `1`
Got setting from build profile YAML, name `Color Space`, value `1`
Got setting from build profile YAML, name `Color Space`, value `1`
Got setting from build profile YAML, name `Color Space`, value `1`
Got setting from build profile YAML, name `Color Space`, value `1`
Got setting from build profile YAML, name `Color Space`, value `1`
Got setting from build profile YAML, name `Color Space`, value `1`
Got setting from build profile YAML, name `Color Space`, value `1`
Got setting from build profile YAML, name `Color Space`, value `1`
Got setting from build profile YAML, name `Color Space`, value `1`
Got setting from build profile YAML, name `Color Space`, value `1`
Got setting from build profile YAML, name `Color Space`, value `1`
Got setting from build profile YAML, name `Color Space`, value `1`
Got setting from build profile YAML, name `Color Space`, value `1`
Got setting from build profile YAML, name `Color Space`, value `1`
Got setting from build profile YAML, name `Color Space`, value `1`
Got setting from build profile YAML, name `Color Space`, value `1`
Got setting from build profile YAML, name `Color Space`, value `1`
Got setting from build profile YAML, name `Color Space`, value `1`
Got setting from build profile YAML, name `Color Space`, value `1`
Got setting from build profile YAML, name `Color Space`, value `1`
Initialize mono
Mono path[0] = 'C:/Program Files/Unity/Hub/Editor/6000.4.1f1/Editor/Data/Managed'
Mono path[1] = 'C:/Program Files/Unity/Hub/Editor/6000.4.1f1/Editor/Data/MonoBleedingEdge/lib/mono/unityjit-win32'
Mono config path = 'C:/Program Files/Unity/Hub/Editor/6000.4.1f1/Editor/Data/MonoBleedingEdge/etc'
<<<<<<< Updated upstream
Using monoOptions --debugger-agent=transport=dt_socket,embedding=1,server=y,suspend=n,address=127.0.0.1:56296
=======
Using monoOptions --debugger-agent=transport=dt_socket,embedding=1,server=y,suspend=n,address=127.0.0.1:56956
>>>>>>> Stashed changes
CodeReloadManager initialized
Begin MonoManager ReloadAssembly
[Licensing::Client] Error: HandshakeResponse reported an error:
	ResponseCode: 505
	ResponseStatus: Unsupported protocol version '1.18.1'.
[Licensing::Module] Error: Failed to handshake to channel: "LicenseClient-sophi"
[Licensing::IpcConnector] LicenseClient-sophi channel disconnected successfully.
[Licensing::IpcConnector] Successfully connected to: "LicenseClient-sophi-6000.4.1" at "2026-06-11T09:35:00.9396232Z"
Registering precompiled unity dll's ...
Register platform support module: C:/Program Files/Unity/Hub/Editor/6000.4.1f1/Editor/Data/PlaybackEngines/WebGLSupport/UnityEditor.WebGL.Extensions.dll
Register platform support module: C:/Program Files/Unity/Hub/Editor/6000.4.1f1/Editor/Data/PlaybackEngines/WindowsStandaloneSupport/UnityEditor.WindowsStandalone.Extensions.dll
<<<<<<< Updated upstream
Registered in 0.006470 seconds.
=======
Registered in 0.003735 seconds.
>>>>>>> Stashed changes
Native extension for WindowsStandalone target not found
Native extension for WebGL target not found
Package Manager log level set to [2]
[Package Manager] Failed to launch server process. Reason: Unity was launched with the -noUpm command-line argument
[Package Manager] Unable to send message (not connected to server process).
[Package Manager] Cannot connect to Unity Package Manager local server
Got setting from build profile YAML, name `Color Space`, value `1`
Got setting from build profile YAML, name `Color Space`, value `1`
Got setting from build profile YAML, name `Color Space`, value `1`
Got setting from build profile YAML, name `Color Space`, value `1`
Got setting from build profile YAML, name `Color Space`, value `1`
Got setting from build profile YAML, name `Color Space`, value `1`
Got setting from build profile YAML, name `Color Space`, value `1`
Got setting from build profile YAML, name `Color Space`, value `1`
Got setting from build profile YAML, name `Color Space`, value `1`
Got setting from build profile YAML, name `Color Space`, value `1`
Got setting from build profile YAML, name `Color Space`, value `1`
Got setting from build profile YAML, name `Color Space`, value `1`
Got setting from build profile YAML, name `Color Space`, value `1`
Got setting from build profile YAML, name `Color Space`, value `1`
Got setting from build profile YAML, name `Color Space`, value `1`
Got setting from build profile YAML, name `Color Space`, value `1`
Got setting from build profile YAML, name `Color Space`, value `1`
Got setting from build profile YAML, name `Color Space`, value `1`
Got setting from build profile YAML, name `Color Space`, value `1`
Got setting from build profile YAML, name `Color Space`, value `1`
Got setting from build profile YAML, name `Color Space`, value `1`
Got setting from build profile YAML, name `Color Space`, value `1`
Got setting from build profile YAML, name `Color Space`, value `1`
Got setting from build profile YAML, name `Color Space`, value `1`
Got setting from build profile YAML, name `Color Space`, value `1`
Got setting from build profile YAML, name `Color Space`, value `1`
Got setting from build profile YAML, name `Color Space`, value `1`
Got setting from build profile YAML, name `Color Space`, value `1`
Got setting from build profile YAML, name `Color Space`, value `1`
Got setting from build profile YAML, name `Color Space`, value `1`
Got setting from build profile YAML, name `Color Space`, value `1`
Got setting from build profile YAML, name `Color Space`, value `1`
Got setting from build profile YAML, name `Color Space`, value `1`
Got setting from build profile YAML, name `Color Space`, value `1`
Got setting from build profile YAML, name `Color Space`, value `1`
Got setting from build profile YAML, name `Color Space`, value `1`
Got setting from build profile YAML, name `Color Space`, value `1`
Got setting from build profile YAML, name `Color Space`, value `1`
Got setting from build profile YAML, name `Color Space`, value `1`
Got setting from build profile YAML, name `Color Space`, value `1`
Got setting from build profile YAML, name `Color Space`, value `1`
Got setting from build profile YAML, name `Color Space`, value `1`
Got setting from build profile YAML, name `Color Space`, value `1`
Got setting from build profile YAML, name `Color Space`, value `1`
Got setting from build profile YAML, name `Color Space`, value `1`
Got setting from build profile YAML, name `Color Space`, value `1`
Got setting from build profile YAML, name `Color Space`, value `1`
Got setting from build profile YAML, name `Color Space`, value `1`
Got setting from build profile YAML, name `Color Space`, value `1`
Got setting from build profile YAML, name `Color Space`, value `1`
Got setting from build profile YAML, name `Color Space`, value `1`
Got setting from build profile YAML, name `Color Space`, value `1`
Got setting from build profile YAML, name `Color Space`, value `1`
Got setting from build profile YAML, name `Color Space`, value `1`
Got setting from build profile YAML, name `Color Space`, value `1`
Got setting from build profile YAML, name `Color Space`, value `1`
Got setting from build profile YAML, name `Color Space`, value `1`
Got setting from build profile YAML, name `Color Space`, value `1`
Got setting from build profile YAML, name `Color Space`, value `1`
Got setting from build profile YAML, name `Color Space`, value `1`
Got setting from build profile YAML, name `Color Space`, value `1`
Got setting from build profile YAML, name `Color Space`, value `1`
Got setting from build profile YAML, name `Color Space`, value `1`
Got setting from build profile YAML, name `Color Space`, value `1`
Got setting from build profile YAML, name `Color Space`, value `1`
Got setting from build profile YAML, name `Color Space`, value `1`
ScheduleIndexationOnStartup MainProcess:False IndexOnStartup:True
Mono: successfully reloaded assembly
<<<<<<< Updated upstream
- Finished resetting the current domain, in  1.303 seconds
Domain Reload Profiling: 2706ms
	BeginReloadAssembly (402ms)
		CreateAndSetChildDomain (3ms)
	RebuildCommonClasses (118ms)
	RebuildNativeTypeToScriptingClass (37ms)
	initialDomainReloadingComplete (210ms)
	LoadAllAssembliesAndSetupDomain (632ms)
		LoadAssemblies (395ms)
		AnalyzeDomain (600ms)
			TypeCache.Refresh (598ms)
				TypeCache.ScanAssembly (564ms)
	FinalizeReload (1308ms)
		SetupLoadedEditorAssemblies (0ms)
			InitializePlatformSupportModulesInManaged (157ms)
			BeforeProcessingInitializeOnLoad (290ms)
			ProcessInitializeOnLoadAttributes (317ms)
			ProcessInitializeOnLoadMethodAttributes (347ms)
=======
- Finished resetting the current domain, in  0.626 seconds
Domain Reload Profiling: 1409ms
	BeginReloadAssembly (228ms)
	RebuildCommonClasses (60ms)
	RebuildNativeTypeToScriptingClass (22ms)
	initialDomainReloadingComplete (106ms)
	LoadAllAssembliesAndSetupDomain (365ms)
		LoadAssemblies (223ms)
		AnalyzeDomain (347ms)
			TypeCache.Refresh (345ms)
				TypeCache.ScanAssembly (317ms)
	FinalizeReload (629ms)
		SetupLoadedEditorAssemblies (0ms)
			InitializePlatformSupportModulesInManaged (79ms)
			BeforeProcessingInitializeOnLoad (134ms)
			ProcessInitializeOnLoadAttributes (172ms)
			ProcessInitializeOnLoadMethodAttributes (141ms)
>>>>>>> Stashed changes
========================================================================
Worker process is ready to serve import requests
Import Worker Mode flag is 0x00
Begin MonoManager ReloadAssembly
Got setting from build profile YAML, name `m_Development`, value `1`
[Licensing::Module] Licensing is not yet initialized.
[Licensing::Client] Error: HandshakeResponse reported an error:
	ResponseCode: 505
	ResponseStatus: Unsupported protocol version '1.18.1'.
[Licensing::Module] Error: Failed to handshake to channel: "LicenseClient-sophi"
[Licensing::IpcConnector] LicenseClient-sophi channel disconnected successfully.
[Licensing::IpcConnector] Successfully connected to: "LicenseClient-sophi-6000.4.1" at "2026-06-11T10:42:23.8068383Z"
[Licensing::Client] Handshaking with LicensingClient:
  Version:                 1.18.1+9fbee8e
<<<<<<< Updated upstream
  Session Id:              6fc33e924aef4836965b520e017c9584
  Correlation Id:          cd071f2f5d6e016704d671fe454092c8
  External correlation Id: 4612755193773829444
  Machine Id:              ioxvigdvOk9iBIePM6NJcBbgHv0=
[Licensing::Module] Successfully connected to LicensingClient on channel: "LicenseClient-sophi-6000.4.1" (connect: 0.00s, validation: 0.00s, handshake: 3.13s)
[Licensing::IpcConnector] Successfully connected to: "LicenseClient-sophi-6000.4.1-notifications" at "2026-06-11T09:35:04.0751577Z"
[Licensing::Module] Licensing Background thread has ended after 6.14s
[Licensing::Module] Licensing is initialized (took 0.04s).
=======
  Session Id:              3c3eee138b484a5fa06412e15bec28c8
  Correlation Id:          1e68f71b732ff1474db53391b1aa0857
  External correlation Id: 2660693613448196093
  Machine Id:              ioxvigdvOk9iBIePM6NJcBbgHv0=
[Licensing::Module] Successfully connected to LicensingClient on channel: "LicenseClient-sophi-6000.4.1" (connect: 0.00s, validation: 0.00s, handshake: 2.41s)
[Licensing::IpcConnector] Successfully connected to: "LicenseClient-sophi-6000.4.1-notifications" at "2026-06-11T10:42:26.2187593Z"
[Licensing::Module] Licensing Background thread has ended after 5.71s
[Licensing::Module] Licensing is initialized (took 2.89s).
>>>>>>> Stashed changes
[Licensing::Client] Successfully resolved entitlement details
[Licensing::Module] License group:
  Id: 4674122308681-UnityPersXXXX
  Product: Unity Personal
  Type: Assigned
  Expiration: Unlimited
Got setting from build profile YAML, name `Color Space`, value `1`
Got setting from build profile YAML, name `Color Space`, value `1`
<<<<<<< Updated upstream
Launched and connected shader compiler UnityShaderCompiler.exe after 0.06 seconds
=======
>>>>>>> Stashed changes
Assembly Assembly-CSharp-Editor-firstpass.dll at Library/ScriptAssemblies/Assembly-CSharp-Editor-firstpass.dll not valid. Loading of assembly skipped.
Assembly Assembly-CSharp-Editor.dll at Library/ScriptAssemblies/Assembly-CSharp-Editor.dll not valid. Loading of assembly skipped.
Assembly Assembly-CSharp-firstpass.dll at Library/ScriptAssemblies/Assembly-CSharp-firstpass.dll not valid. Loading of assembly skipped.
Assembly DocCodeExamples.dll at Library/ScriptAssemblies/DocCodeExamples.dll not valid. Loading of assembly skipped.
Assembly TestNewCustomAssembly.dll at Library/ScriptAssemblies/TestNewCustomAssembly.dll not valid. Loading of assembly skipped.
Assembly Unity.2D.Sprite.Package.EditorTests.dll at Library/ScriptAssemblies/Unity.2D.Sprite.Package.EditorTests.dll not valid. Loading of assembly skipped.
Assembly Unity.2D.Tilemap.Package.EditorTests.dll at Library/ScriptAssemblies/Unity.2D.Tilemap.Package.EditorTests.dll not valid. Loading of assembly skipped.
Assembly Unity.Analytics.DataPrivacy.Tests.dll at Library/ScriptAssemblies/Unity.Analytics.DataPrivacy.Tests.dll not valid. Loading of assembly skipped.
Assembly Unity.Analytics.StandardEvents.EditorTests.dll at Library/ScriptAssemblies/Unity.Analytics.StandardEvents.EditorTests.dll not valid. Loading of assembly skipped.
Assembly Unity.Multiplayer.Center.Editor.Tests.dll at Library/ScriptAssemblies/Unity.Multiplayer.Center.Editor.Tests.dll not valid. Loading of assembly skipped.
Assembly Unity.Multiplayer.Center.Tests.dll at Library/ScriptAssemblies/Unity.Multiplayer.Center.Tests.dll not valid. Loading of assembly skipped.
Assembly Unity.TextMeshPro.Editor.Tests.dll at Library/ScriptAssemblies/Unity.TextMeshPro.Editor.Tests.dll not valid. Loading of assembly skipped.
Assembly Unity.TextMeshPro.Tests.dll at Library/ScriptAssemblies/Unity.TextMeshPro.Tests.dll not valid. Loading of assembly skipped.
Assembly UnityEditor.UI.Common.Tests.dll at Library/ScriptAssemblies/UnityEditor.UI.Common.Tests.dll not valid. Loading of assembly skipped.
Assembly UnityEditor.UI.EditorTests.dll at Library/ScriptAssemblies/UnityEditor.UI.EditorTests.dll not valid. Loading of assembly skipped.
Assembly UnityEditor.XR.LegacyInputHelpers.Tests.dll at Library/ScriptAssemblies/UnityEditor.XR.LegacyInputHelpers.Tests.dll not valid. Loading of assembly skipped.
Assembly UnityEngine.Advertisements.Editor.Tests.dll at Library/ScriptAssemblies/UnityEngine.Advertisements.Editor.Tests.dll not valid. Loading of assembly skipped.
Assembly UnityEngine.Advertisements.Tests.dll at Library/ScriptAssemblies/UnityEngine.Advertisements.Tests.dll not valid. Loading of assembly skipped.
Assembly UnityEngine.Purchasing.Apple.dll at Library/ScriptAssemblies/UnityEngine.Purchasing.Apple.dll not valid. Loading of assembly skipped.
Assembly UnityEngine.Purchasing.AppleMacos.dll at Library/ScriptAssemblies/UnityEngine.Purchasing.AppleMacos.dll not valid. Loading of assembly skipped.
Assembly UnityEngine.Purchasing.Security.dll at Library/ScriptAssemblies/UnityEngine.Purchasing.Security.dll not valid. Loading of assembly skipped.
Assembly UnityEngine.Purchasing.WinRT.dll at Library/ScriptAssemblies/UnityEngine.Purchasing.WinRT.dll not valid. Loading of assembly skipped.
Assembly UnityEngine.SpatialTracking.Tests.dll at Library/ScriptAssemblies/UnityEngine.SpatialTracking.Tests.dll not valid. Loading of assembly skipped.
Assembly UnityEngine.UI.Tests.dll at Library/ScriptAssemblies/UnityEngine.UI.Tests.dll not valid. Loading of assembly skipped.
Symbol file LoadedFromMemory is not a mono symbol file
Script 'Camera' has the same name as built-in Unity component.
AddComponent and GetComponent will not work with this script.
<<<<<<< Updated upstream
Refreshing native plugins compatible for Editor in 12.73 ms, found 2 plugins.
=======
Refreshing native plugins compatible for Editor in 2.70 ms, found 2 plugins.
>>>>>>> Stashed changes
Native extension for WindowsStandalone target not found
Native extension for WebGL target not found
[Package Manager] Failed to launch server process. Reason: Unity was launched with the -noUpm command-line argument
[Package Manager] Unable to send message (not connected to server process).
[Package Manager] Cannot connect to Unity Package Manager local server
<<<<<<< Updated upstream
Refreshing native plugins compatible for Editor in 5.81 ms, found 2 plugins.
=======
Refreshing native plugins compatible for Editor in 4.32 ms, found 2 plugins.
>>>>>>> Stashed changes
[Package Manager] Failed to launch server process. Reason: Unity was launched with the -noUpm command-line argument
[Package Manager] Unable to send message (not connected to server process).
[Package Manager] Cannot connect to Unity Package Manager local server
ScheduleIndexationOnStartup MainProcess:False IndexOnStartup:True
Mono: successfully reloaded assembly
<<<<<<< Updated upstream
- Finished resetting the current domain, in  2.008 seconds
Domain Reload Profiling: 5138ms
	BeginReloadAssembly (1334ms)
		DisableScriptedObjects (731ms)
		CreateAndSetChildDomain (77ms)
	RebuildCommonClasses (102ms)
	RebuildNativeTypeToScriptingClass (31ms)
	initialDomainReloadingComplete (209ms)
	LoadAllAssembliesAndSetupDomain (1452ms)
		LoadAssemblies (1396ms)
		AnalyzeDomain (305ms)
			TypeCache.Refresh (225ms)
				TypeCache.ScanAssembly (195ms)
			BuildScriptInfoCaches (72ms)
			ResolveRequiredComponents (6ms)
	FinalizeReload (2010ms)
		SetupLoadedEditorAssemblies (0ms)
			InitializePlatformSupportModulesInManaged (6ms)
			BeforeProcessingInitializeOnLoad (340ms)
			ProcessInitializeOnLoadAttributes (793ms)
			ProcessInitializeOnLoadMethodAttributes (498ms)
			AfterProcessingInitializeOnLoad (8ms)
		AwakeInstancesAfterBackupRestoration (47ms)
Refreshing native plugins compatible for Editor in 7.77 ms, found 2 plugins.
Unloading 0 Unused Serialized files (Serialized files now loaded: 0)
Unloading 2987 unused Assets / (0.7 MB). Loaded Objects now: 3627.
Memory consumption went from 95.3 MB to 94.6 MB.
Total: 19.434900 ms (FindLiveObjects: 0.698100 ms CreateObjectMapping: 0.297600 ms MarkObjects: 17.205200 ms  DeleteObjects: 1.225200 ms)

========================================================================
Received Import Request.
  Time since last request: 136906.334800 seconds.
  path: Assets/Sophia/Sprites/Grass.prefab
  importAddress: Guid(654b0edc90337bf4ab228d529d847a76) Importer(815301076,1909f56bfc062723c751e8b465ee728b)
Start importing Assets/Sophia/Sprites/Grass.prefab using Guid(654b0edc90337bf4ab228d529d847a76) Importer(815301076,1909f56bfc062723c751e8b465ee728b) (PreviewImporter) -> (Import Result ID: '1bb5f63452c2582b42e4d0232da61b49') in 0.382478 seconds [static and dynamic dependencies]. Details - ImportResultOutputID=c65797a85a09162d52628e4a4937a31b DependenciesID=f23fb5ce37506c18d2a6f6aa726f8acb StaticDependenciesID=88f86cd61802f476bb17e7469101a7db 
Number of updated asset objects reloaded before import = 0Number of asset objects unloaded after import = 32

========================================================================
Received Import Request.
  Time since last request: 2.524665 seconds.
  path: Assets/Sophia/Sprites/Reocmendaciones
  importAddress: Guid(d64ac60e9cebca24bb40f2fba9b81434) Importer(815301076,1909f56bfc062723c751e8b465ee728b)
Start importing Assets/Sophia/Sprites/Reocmendaciones using Guid(d64ac60e9cebca24bb40f2fba9b81434) Importer(815301076,1909f56bfc062723c751e8b465ee728b) (PreviewImporter) -> (Import Result ID: 'd94e851860a0265a3e99fb00e09e4614') in 0.0042131 seconds [static and dynamic dependencies]. Details - ImportResultOutputID=384a28de506af8153d663b96d50fb13a DependenciesID=de88eeacd5c766657b319a18155f7703 StaticDependenciesID=4838158501b4c923a8305e3d0a2d66d9 
Number of updated asset objects reloaded before import = 0Number of asset objects unloaded after import = 0

========================================================================
Received Import Request.
  Time since last request: 0.064976 seconds.
  path: Assets/Sophia/Sprites/Reocmendaciones/ContentBox.png
  importAddress: Guid(6e9bb1f61725c6b4797aaa6c85da6b97) Importer(815301076,1909f56bfc062723c751e8b465ee728b)
Start importing Assets/Sophia/Sprites/Reocmendaciones/ContentBox.png using Guid(6e9bb1f61725c6b4797aaa6c85da6b97) Importer(815301076,1909f56bfc062723c751e8b465ee728b) (PreviewImporter) -> (Import Result ID: '37914cf6018567fda5abe776dfaf8c2b') in 0.1336632 seconds [static and dynamic dependencies]. Details - ImportResultOutputID=9c27c0b7524aee6344b314a30617b622 DependenciesID=482fe9058bfd9cf778fdc597dc0d6dd6 StaticDependenciesID=88b7559439cb34ca961ea5debe7a0329 
Number of updated asset objects reloaded before import = 0Number of asset objects unloaded after import = 3

========================================================================
Received Import Request.
  Time since last request: 18.424012 seconds.
  path: Assets/Sophia/Sprites/Materials
  importAddress: Guid(f327f7275a92fae469df8124297dcfa9) Importer(815301076,1909f56bfc062723c751e8b465ee728b)
Start importing Assets/Sophia/Sprites/Materials using Guid(f327f7275a92fae469df8124297dcfa9) Importer(815301076,1909f56bfc062723c751e8b465ee728b) (PreviewImporter) -> (Import Result ID: '29263a4d7ea01004b480726e10d096d3') in 0.0015531 seconds [static and dynamic dependencies]. Details - ImportResultOutputID=a397e379fdae13d83b302850726c1331 DependenciesID=c62c9ddfd98763df78884e96b6760c16 StaticDependenciesID=9565c73078a624db604a4e7d182f1b06 
Number of updated asset objects reloaded before import = 0Number of asset objects unloaded after import = 0

========================================================================
Received Import Request.
  Time since last request: 0.074502 seconds.
  path: Assets/Sophia/Sprites/Materials/pixil-frame-0 (5).mat
  importAddress: Guid(e600f9894a7155b4fa0ca0150201853a) Importer(815301076,1909f56bfc062723c751e8b465ee728b)
Start importing Assets/Sophia/Sprites/Materials/pixil-frame-0 (5).mat using Guid(e600f9894a7155b4fa0ca0150201853a) Importer(815301076,1909f56bfc062723c751e8b465ee728b) (PreviewImporter) -> (Import Result ID: '01d164108796dba7aacd77d30ac755ad') in 0.1107412 seconds [static and dynamic dependencies]. Details - ImportResultOutputID=a1635c587d9f40892347cdf5ba004900 DependenciesID=72e1389dede6cae1aac47208f96fc04f StaticDependenciesID=9286c54259b66ab391eabbf3c41c1313 
=======
- Finished resetting the current domain, in  0.986 seconds
Domain Reload Profiling: 4930ms
	BeginReloadAssembly (3170ms)
		DisableScriptedObjects (21ms)
		CreateAndSetChildDomain (37ms)
	RebuildCommonClasses (48ms)
	RebuildNativeTypeToScriptingClass (19ms)
	initialDomainReloadingComplete (102ms)
	LoadAllAssembliesAndSetupDomain (604ms)
		LoadAssemblies (534ms)
		AnalyzeDomain (193ms)
			TypeCache.Refresh (140ms)
				TypeCache.ScanAssembly (115ms)
			BuildScriptInfoCaches (48ms)
			ResolveRequiredComponents (3ms)
	FinalizeReload (987ms)
		SetupLoadedEditorAssemblies (0ms)
			InitializePlatformSupportModulesInManaged (4ms)
			BeforeProcessingInitializeOnLoad (140ms)
			ProcessInitializeOnLoadAttributes (338ms)
			ProcessInitializeOnLoadMethodAttributes (318ms)
			AfterProcessingInitializeOnLoad (8ms)
		AwakeInstancesAfterBackupRestoration (22ms)
Launched and connected shader compiler UnityShaderCompiler.exe after 0.02 seconds
Refreshing native plugins compatible for Editor in 2.46 ms, found 2 plugins.
Unloading 0 Unused Serialized files (Serialized files now loaded: 0)
Unloading 2987 unused Assets / (0.9 MB). Loaded Objects now: 3607.
Memory consumption went from 95.9 MB to 95.0 MB.
Total: 10.047600 ms (FindLiveObjects: 0.295600 ms CreateObjectMapping: 0.123800 ms MarkObjects: 8.350400 ms  DeleteObjects: 1.273800 ms)

========================================================================
Received Import Request.
  Time since last request: 140945.092403 seconds.
  path: Assets/Sophia/TextMesh Pro/Shaders/TMP_SDF-Mobile SSD.shader
  importAddress: Guid(7a6f757f08ce6a44abb5f91ca293789e) Importer(2089858483,b0f066a214c2f5e87bad3c948f4d605d)
Start importing Assets/Sophia/TextMesh Pro/Shaders/TMP_SDF-Mobile SSD.shader using Guid(7a6f757f08ce6a44abb5f91ca293789e) Importer(2089858483,b0f066a214c2f5e87bad3c948f4d605d) (ScriptedImporter) -> (Import Result ID: '891d4ac1faa6852f4ffc71d29b8ca046') in 0.0933737 seconds [static and dynamic dependencies]. Details - ImportResultOutputID=21a233d89a62216ccb71b29a3e5d41b3 DependenciesID=be85cb06e56697db7375805f9b389238 StaticDependenciesID=285a9d55d819d4926adcef25ec7ea167 
Number of updated asset objects reloaded before import = 0Number of asset objects unloaded after import = 1

========================================================================
Received Import Request.
  Time since last request: 0.000026 seconds.
  path: Assets/Sophia/TextMesh Pro/Fonts/LiberationSans - OFL.txt
  importAddress: Guid(5f4063d69bfff064fbc118138c2a372d) Importer(2089858483,b0f066a214c2f5e87bad3c948f4d605d)
Start importing Assets/Sophia/TextMesh Pro/Fonts/LiberationSans - OFL.txt using Guid(5f4063d69bfff064fbc118138c2a372d) Importer(2089858483,b0f066a214c2f5e87bad3c948f4d605d) (ScriptedImporter) -> (Import Result ID: '3a21ccaa661c8e5ecdbb68f216381dce') in 0.0041126 seconds [static and dynamic dependencies]. Details - ImportResultOutputID=86e91fa05669bf55e4b0b15763333dc4 DependenciesID=253f72beae68bb2ae6743c758b375952 StaticDependenciesID=26964810023d68b8c76f40cef97f4a7c 
Number of updated asset objects reloaded before import = 0Number of asset objects unloaded after import = 1

========================================================================
Received Import Request.
  Time since last request: 0.000091 seconds.
  path: Assets/Sophia/TextMesh Pro/Resources/Fonts & Materials/LiberationSans SDF - Fallback.asset
  importAddress: Guid(d1dc211e343b0f047836730472f7bfea) Importer(2089858483,b0f066a214c2f5e87bad3c948f4d605d)
Start importing Assets/Sophia/TextMesh Pro/Resources/Fonts & Materials/LiberationSans SDF - Fallback.asset using Guid(d1dc211e343b0f047836730472f7bfea) Importer(2089858483,b0f066a214c2f5e87bad3c948f4d605d) (ScriptedImporter) -> (Import Result ID: '7f9339eacc29f7df5a80dd7ac4d6b9f1') in 0.050236 seconds [static and dynamic dependencies]. Details - ImportResultOutputID=66e914d4656455dfeeebef7669f75436 DependenciesID=2b13c165a1fff3b6b72e2617fd10327e StaticDependenciesID=1a39d2192f0dd039e9f85f337ef8fc18 
Number of updated asset objects reloaded before import = 0Number of asset objects unloaded after import = 5

========================================================================
Received Import Request.
  Time since last request: 0.000029 seconds.
  path: Assets/Sophia/TextMesh Pro/Shaders/TMP_SDF-Surface-Mobile.shader
  importAddress: Guid(b4912fad89a8c3a48ab0c380e9638574) Importer(2089858483,b0f066a214c2f5e87bad3c948f4d605d)
Start importing Assets/Sophia/TextMesh Pro/Shaders/TMP_SDF-Surface-Mobile.shader using Guid(b4912fad89a8c3a48ab0c380e9638574) Importer(2089858483,b0f066a214c2f5e87bad3c948f4d605d) (ScriptedImporter) -> (Import Result ID: 'd6f47d4774c7dad789e21168427ec8f9') in 0.004373 seconds [static and dynamic dependencies]. Details - ImportResultOutputID=2e9836dc249eccfc44047c881f29be35 DependenciesID=5a5e5cd30dfb281027abc22a36ac386b StaticDependenciesID=8537537502728cc90785577cbd43f92c 
Number of updated asset objects reloaded before import = 0Number of asset objects unloaded after import = 1

========================================================================
Received Import Request.
  Time since last request: 0.000025 seconds.
  path: Assets/Sophia/TextMesh Pro/Shaders/TMP_SDF-Mobile.shader
  importAddress: Guid(bc1f2bfbe8c3d3141879da8bce1acbba) Importer(2089858483,b0f066a214c2f5e87bad3c948f4d605d)
Start importing Assets/Sophia/TextMesh Pro/Shaders/TMP_SDF-Mobile.shader using Guid(bc1f2bfbe8c3d3141879da8bce1acbba) Importer(2089858483,b0f066a214c2f5e87bad3c948f4d605d) (ScriptedImporter) -> (Import Result ID: 'c48978268038f5464a3a0255082ad60c') in 0.0037957 seconds [static and dynamic dependencies]. Details - ImportResultOutputID=9d0937f75798d583ec770d27f2a3661e DependenciesID=4192dd07a3ba4c629afd3b7b81ff3f95 StaticDependenciesID=af5e2d08502e02f00a40f96e6810b6b6 
Number of updated asset objects reloaded before import = 0Number of asset objects unloaded after import = 1

========================================================================
Received Import Request.
  Time since last request: 0.000177 seconds.
  path: Assets/Sophia/TextMesh Pro/Shaders
  importAddress: Guid(d2e63196fbe7c1a44ada0caf98b62df1) Importer(2089858483,b0f066a214c2f5e87bad3c948f4d605d)
Start importing Assets/Sophia/TextMesh Pro/Shaders using Guid(d2e63196fbe7c1a44ada0caf98b62df1) Importer(2089858483,b0f066a214c2f5e87bad3c948f4d605d) (ScriptedImporter) -> (Import Result ID: '029bba3cb350f2172105bca40022b91c') in 0.0032595 seconds [static and dynamic dependencies]. Details - ImportResultOutputID=be7939bbc64f72110f42798b1448434b DependenciesID=2bb6f05182fb53f0f10bd586fcda04c0 StaticDependenciesID=dd4330824a89294b00acbaaabbc21d91 
Number of updated asset objects reloaded before import = 0Number of asset objects unloaded after import = 1

========================================================================
Received Import Request.
  Time since last request: 0.000110 seconds.
  path: Assets/Sophia/TextMesh Pro/Shaders/TMP_SDF.shader
  importAddress: Guid(7b986ca3889471d4994b95b61bd2b537) Importer(2089858483,b0f066a214c2f5e87bad3c948f4d605d)
Start importing Assets/Sophia/TextMesh Pro/Shaders/TMP_SDF.shader using Guid(7b986ca3889471d4994b95b61bd2b537) Importer(2089858483,b0f066a214c2f5e87bad3c948f4d605d) (ScriptedImporter) -> (Import Result ID: '37a55f5a58582c6802422a29f134ecb6') in 0.0057473 seconds [static and dynamic dependencies]. Details - ImportResultOutputID=9b8979d458d9e18c31f9f2b70602b581 DependenciesID=ad4a575aacef7387aeda08b4a74a622c StaticDependenciesID=31506152c03b902023b825724de6ba8c 
Number of updated asset objects reloaded before import = 0Number of asset objects unloaded after import = 1

========================================================================
Received Import Request.
  Time since last request: 0.000195 seconds.
  path: Assets/Sophia/TextMesh Pro/Resources/Fonts & Materials/LiberationSans SDF - Drop Shadow.mat
  importAddress: Guid(7d275bd9d014dfe40a932d1a2e0b3236) Importer(2089858483,b0f066a214c2f5e87bad3c948f4d605d)
Start importing Assets/Sophia/TextMesh Pro/Resources/Fonts & Materials/LiberationSans SDF - Drop Shadow.mat using Guid(7d275bd9d014dfe40a932d1a2e0b3236) Importer(2089858483,b0f066a214c2f5e87bad3c948f4d605d) (ScriptedImporter) -> (Import Result ID: 'd46a861f746c35d2a48263555536e355') in 0.0221199 seconds [static and dynamic dependencies]. Details - ImportResultOutputID=51d4a1acbd7e0e15d1c31a62c6921bff DependenciesID=eb034aab55a4bd1b6f835abf5a54d600 StaticDependenciesID=518b8a83a91ee28dd00033b0acefe71e 
Number of updated asset objects reloaded before import = 0Number of asset objects unloaded after import = 2

========================================================================
Received Import Request.
  Time since last request: 0.000065 seconds.
  path: Assets/Sophia/TextMesh Pro/Shaders/TMP_SDF SSD.shader
  importAddress: Guid(cfc0ae8224fca364b9e5822294517b8c) Importer(2089858483,b0f066a214c2f5e87bad3c948f4d605d)
Start importing Assets/Sophia/TextMesh Pro/Shaders/TMP_SDF SSD.shader using Guid(cfc0ae8224fca364b9e5822294517b8c) Importer(2089858483,b0f066a214c2f5e87bad3c948f4d605d) (ScriptedImporter) -> (Import Result ID: 'c5f1f81e7e2653256ed0ccee3acaef4f') in 0.0059326 seconds [static and dynamic dependencies]. Details - ImportResultOutputID=ee505eee31c2b064cc64ad28cf8760bf DependenciesID=4b0b641d7a40b4017cfb4b0014ddd910 StaticDependenciesID=bb92a466d3b83e388a401f48fa3ff1e3 
Number of updated asset objects reloaded before import = 0Number of asset objects unloaded after import = 1

========================================================================
Received Import Request.
  Time since last request: 0.000032 seconds.
  path: Assets/Sophia/TextMesh Pro/Shaders/TMP_SDF-HDRP LIT.shadergraph
  importAddress: Guid(cc11a5c2b29ce8940916ed436f7945ee) Importer(2089858483,b0f066a214c2f5e87bad3c948f4d605d)
Start importing Assets/Sophia/TextMesh Pro/Shaders/TMP_SDF-HDRP LIT.shadergraph using Guid(cc11a5c2b29ce8940916ed436f7945ee) Importer(2089858483,b0f066a214c2f5e87bad3c948f4d605d) (ScriptedImporter) -> (Import Result ID: 'eccdc80733a24da5bde8a2d2abc4b2e2') in 0.0076313 seconds [static and dynamic dependencies]. Details - ImportResultOutputID=717af9c6c15fb5217635dbcb09a81af4 DependenciesID=934b1036651c3ba898f6be7e883dbd12 StaticDependenciesID=616a42b3ffb001cef159a3d4e7e80618 
Number of updated asset objects reloaded before import = 0Number of asset objects unloaded after import = 1

========================================================================
Received Import Request.
  Time since last request: 0.000451 seconds.
  path: Assets/Sophia/TextMesh Pro/Shaders/TMP_Bitmap.shader
  importAddress: Guid(f8c1af248a237e14fae94593e62a16a1) Importer(2089858483,b0f066a214c2f5e87bad3c948f4d605d)
Start importing Assets/Sophia/TextMesh Pro/Shaders/TMP_Bitmap.shader using Guid(f8c1af248a237e14fae94593e62a16a1) Importer(2089858483,b0f066a214c2f5e87bad3c948f4d605d) (ScriptedImporter) -> (Import Result ID: '77717a3d2fcbed787a155bb6a1cb9fca') in 0.0087466 seconds [static and dynamic dependencies]. Details - ImportResultOutputID=8e86be3c5839926660bd64921c322ef6 DependenciesID=7be443523a5735fb726229685c6d1c6e StaticDependenciesID=043906b62cf3d29035bd18f301154fb1 
Number of updated asset objects reloaded before import = 0Number of asset objects unloaded after import = 1

========================================================================
Received Import Request.
  Time since last request: 0.005765 seconds.
  path: Assets/Sophia/TextMesh Pro/Fonts
  importAddress: Guid(45db4c65760707a4bb1dc776e7454aa5) Importer(2089858483,b0f066a214c2f5e87bad3c948f4d605d)
Start importing Assets/Sophia/TextMesh Pro/Fonts using Guid(45db4c65760707a4bb1dc776e7454aa5) Importer(2089858483,b0f066a214c2f5e87bad3c948f4d605d) (ScriptedImporter) -> (Import Result ID: '1225743ee02d3ba1320a4fac2d9a9abd') in 0.0160626 seconds [static and dynamic dependencies]. Details - ImportResultOutputID=d466fee43f805743fff8ccdbdf6a22c2 DependenciesID=c7fb94b1f50eeb6cd1bf2f4de462c377 StaticDependenciesID=820d028d03467083181330c40a7fe265 
Number of updated asset objects reloaded before import = 0Number of asset objects unloaded after import = 1

========================================================================
Received Import Request.
  Time since last request: 0.000208 seconds.
  path: Assets/Sophia/TextMesh Pro/Shaders/TMP_SDF-Mobile Overlay.shader
  importAddress: Guid(149cc543e7f1064498f4b0ddc34352ba) Importer(2089858483,b0f066a214c2f5e87bad3c948f4d605d)
Start importing Assets/Sophia/TextMesh Pro/Shaders/TMP_SDF-Mobile Overlay.shader using Guid(149cc543e7f1064498f4b0ddc34352ba) Importer(2089858483,b0f066a214c2f5e87bad3c948f4d605d) (ScriptedImporter) -> (Import Result ID: '846b75aa1e778150c6c5c185a026f021') in 0.0107357 seconds [static and dynamic dependencies]. Details - ImportResultOutputID=0ba55289074a48a3bcee9d215b25f8c7 DependenciesID=886a8b436d2f0489f242be1a3db9d3d6 StaticDependenciesID=ffd5bdc07293270402c47c4a735f4f8f 
Number of updated asset objects reloaded before import = 0Number of asset objects unloaded after import = 1

========================================================================
Received Import Request.
  Time since last request: 0.000615 seconds.
  path: Assets/Sophia/TextMesh Pro/Resources/Fonts & Materials/LiberationSans SDF - Outline.mat
  importAddress: Guid(9a2829982c3e01d448b6fa5d366b334b) Importer(2089858483,b0f066a214c2f5e87bad3c948f4d605d)
Start importing Assets/Sophia/TextMesh Pro/Resources/Fonts & Materials/LiberationSans SDF - Outline.mat using Guid(9a2829982c3e01d448b6fa5d366b334b) Importer(2089858483,b0f066a214c2f5e87bad3c948f4d605d) (ScriptedImporter) -> (Import Result ID: '79326ba04103ef3eb48e1ebf7cc5b643') in 0.0470851 seconds [static and dynamic dependencies]. Details - ImportResultOutputID=058b61e56491260aaf43bc47b905f259 DependenciesID=fa145771848c7ca5f70da68a52069525 StaticDependenciesID=21ee7aa0213bf2530c8bb71cc6bd7f01 
Number of updated asset objects reloaded before import = 0Number of asset objects unloaded after import = 2

========================================================================
Received Import Request.
  Time since last request: 0.000173 seconds.
  path: Assets/Sophia/TextMesh Pro/Shaders/TMPro_Properties.cginc
  importAddress: Guid(b4f848b2c19ea894580ce96376bf9ad7) Importer(2089858483,b0f066a214c2f5e87bad3c948f4d605d)
Start importing Assets/Sophia/TextMesh Pro/Shaders/TMPro_Properties.cginc using Guid(b4f848b2c19ea894580ce96376bf9ad7) Importer(2089858483,b0f066a214c2f5e87bad3c948f4d605d) (ScriptedImporter) -> (Import Result ID: '06dfd9a3a62977f7488ce3a482d0cf1d') in 0.0101582 seconds [static and dynamic dependencies]. Details - ImportResultOutputID=96017ca480a753d9e1f2a26d2688b0cf DependenciesID=4e24bce0b250b5bfb3e78c1ddf7a8d40 StaticDependenciesID=eb40ea0c4f3883fe6f660f13de395541 
Number of updated asset objects reloaded before import = 0Number of asset objects unloaded after import = 1

========================================================================
Received Import Request.
  Time since last request: 0.000122 seconds.
  path: Assets/Sophia/TextMesh Pro/Resources/Style Sheets
  importAddress: Guid(2bbc58892c6e2b64e85e8e57a3b067c8) Importer(2089858483,b0f066a214c2f5e87bad3c948f4d605d)
Start importing Assets/Sophia/TextMesh Pro/Resources/Style Sheets using Guid(2bbc58892c6e2b64e85e8e57a3b067c8) Importer(2089858483,b0f066a214c2f5e87bad3c948f4d605d) (ScriptedImporter) -> (Import Result ID: 'be0dfccae7eed9f48c66a8a590fb2e48') in 0.0078133 seconds [static and dynamic dependencies]. Details - ImportResultOutputID=3c69ec1a1ced39b0cb952cecddc146df DependenciesID=a5375a59d143aa45ec3a063bbeac47e4 StaticDependenciesID=ae5baacb935833ee370815ac7084eec5 
Number of updated asset objects reloaded before import = 0Number of asset objects unloaded after import = 1

========================================================================
Received Import Request.
  Time since last request: 0.000376 seconds.
  path: Assets/Sophia/TextMesh Pro/Shaders/TMP_SDF Overlay.shader
  importAddress: Guid(87a14096c5627fe41966a3d2611c0f27) Importer(2089858483,b0f066a214c2f5e87bad3c948f4d605d)
Start importing Assets/Sophia/TextMesh Pro/Shaders/TMP_SDF Overlay.shader using Guid(87a14096c5627fe41966a3d2611c0f27) Importer(2089858483,b0f066a214c2f5e87bad3c948f4d605d) (ScriptedImporter) -> (Import Result ID: '29aa1089ce85736a9ac0b41981815cc0') in 0.0112419 seconds [static and dynamic dependencies]. Details - ImportResultOutputID=1e21575bfd9a531036e47c81b69c7ae4 DependenciesID=3808586e481e5c95046188a114b005b1 StaticDependenciesID=6ec0338765b9b7bfa409f90608722c15 
Number of updated asset objects reloaded before import = 0Number of asset objects unloaded after import = 1

========================================================================
Received Import Request.
  Time since last request: 0.000062 seconds.
  path: Assets/Sophia/TextMesh Pro/Shaders/TMP_Bitmap-Mobile.shader
  importAddress: Guid(c8970cde1ae69d84abe532394741c8ad) Importer(2089858483,b0f066a214c2f5e87bad3c948f4d605d)
Start importing Assets/Sophia/TextMesh Pro/Shaders/TMP_Bitmap-Mobile.shader using Guid(c8970cde1ae69d84abe532394741c8ad) Importer(2089858483,b0f066a214c2f5e87bad3c948f4d605d) (ScriptedImporter) -> (Import Result ID: '0ff1a22690d9bd97cd3798fbb62d913a') in 0.028269 seconds [static and dynamic dependencies]. Details - ImportResultOutputID=f6f4699642a6e01d7009ab6cc2a7f8b3 DependenciesID=ba6d8e74f4b0ca627719a4797a88f9a8 StaticDependenciesID=08cc11cb03a318ec8e6acb8fcae39df6 
>>>>>>> Stashed changes
Number of updated asset objects reloaded before import = 0Number of asset objects unloaded after import = 1

========================================================================
Received Import Request.
  Time since last request: 0.000052 seconds.
  path: Assets/Sophia/Sprites/Materials/pixil-frame-0 (18).mat
  importAddress: Guid(256b93550976b144dae0092c5430889a) Importer(815301076,1909f56bfc062723c751e8b465ee728b)
Start importing Assets/Sophia/Sprites/Materials/pixil-frame-0 (18).mat using Guid(256b93550976b144dae0092c5430889a) Importer(815301076,1909f56bfc062723c751e8b465ee728b) (PreviewImporter) -> (Import Result ID: '60ebda3eec9c3dfe9d5c181c0adf05ee') in 0.0361224 seconds [static and dynamic dependencies]. Details - ImportResultOutputID=4c16e14c480cf756d943097eccf3e551 DependenciesID=4736a2700c31b5d3376be591f36a448c StaticDependenciesID=90bcc8b82d697137da0e6cb4a967b33f 
Number of updated asset objects reloaded before import = 0Number of asset objects unloaded after import = 2

========================================================================
Received Import Request.
  Time since last request: 0.000038 seconds.
  path: Assets/Sophia/Sprites/Materials/pixil-frame-0 (13).mat
  importAddress: Guid(f2f926fc2aa94d3468a797e787b5181c) Importer(815301076,1909f56bfc062723c751e8b465ee728b)
Start importing Assets/Sophia/Sprites/Materials/pixil-frame-0 (13).mat using Guid(f2f926fc2aa94d3468a797e787b5181c) Importer(815301076,1909f56bfc062723c751e8b465ee728b) (PreviewImporter) -> (Import Result ID: 'c94376048c95eb0c43d138bdd955054d') in 0.0396549 seconds [static and dynamic dependencies]. Details - ImportResultOutputID=050afd9c0fa6079aaf36d4b40b8d275e DependenciesID=44bb545786584857ab7d8b7729b87087 StaticDependenciesID=247997eaca3e405bccda21834588afc4 
Number of updated asset objects reloaded before import = 0Number of asset objects unloaded after import = 2

Editor requested this worker to shutdown with reason: Scaling down because of idle timeout
AssetImportWorker is now disconnected from the server
Process exiting
Exiting without the bug reporter. Application will terminate with return code 0